[0515/075729.693:ERROR:http_transport_win.cc(276)] WinHttpSendRequest: The operation completed successfully. (0x0)
[0516/084623.663:ERROR:settings.cc(320)] Settings magic is not 1129342067
[0602/113651.190:ERROR:process_memory_win.cc(73)] ReadMemory at 0x7ff67fb60000 of 64 bytes failed: Only part of a ReadProcessMemory or WriteProcessMemory request was completed. (0x12B)
[0602/113651.624:WARNING:pe_image_reader.cc(340)] could not read dos header from C:\Program Files (x86)\Google\Chrome\Application\chrome.exe
[0602/113651.624:ERROR:process_memory_win.cc(73)] ReadMemory at 0x7ffd31cc0000 of 64 bytes failed: Only part of a ReadProcessMemory or WriteProcessMemory request was completed. (0x12B)
[0602/113651.624:WARNING:pe_image_reader.cc(340)] could not read dos header from C:\WINDOWS\SYSTEM32\ntdll.dll
[0602/113651.655:ERROR:process_memory_win.cc(73)] ReadMemory at 0x7ffd31250000 of 64 bytes failed: Only part of a ReadProcessMemory or WriteProcessMemory request was completed. (0x12B)
[0602/113651.655:WARNING:pe_image_reader.cc(340)] could not read dos header from C:\WINDOWS\System32\KERNEL32.DLL
[0602/113651.655:ERROR:process_memory_win.cc(73)] ReadMemory at 0x7ffd2ee80000 of 64 bytes failed: Only part of a ReadProcessMemory or WriteProcessMemory request was completed. (0x12B)
[0602/113651.655:WARNING:pe_image_reader.cc(340)] could not read dos header from C:\WINDOWS\System32\KERNELBASE.dll
[0602/113651.655:ERROR:process_memory_win.cc(73)] ReadMemory at 0x7ffd2c2a0000 of 64 bytes failed: Only part of a ReadProcessMemory or WriteProcessMemory request was completed. (0x12B)
[0602/113651.655:WARNING:pe_image_reader.cc(340)] could not read dos header from C:\WINDOWS\SYSTEM32\apphelp.dll
[0602/113651.655:ERROR:process_memory_win.cc(73)] ReadMemory at 0x7ffd2f940000 of 64 bytes failed: Only part of a ReadProcessMemory or WriteProcessMemory request was completed. (0x12B)
[0602/113651.655:WARNING:pe_image_reader.cc(340)] could not read dos header from C:\WINDOWS\System32\SHELL32.dll
[0602/113651.655:ERROR:process_memory_win.cc(73)] ReadMemory at 0x7ffd31110000 of 64 bytes failed: Only part of a ReadProcessMemory or WriteProcessMemory request was completed. (0x12B)
[0602/113651.655:WARNING:pe_image_reader.cc(340)] could not read dos header from C:\WINDOWS\System32\msvcrt.dll
[0602/113651.655:ERROR:process_memory_win.cc(73)] ReadMemory at 0x7ffd2ee30000 of 64 bytes failed: Only part of a ReadProcessMemory or WriteProcessMemory request was completed. (0x12B)
[0602/113651.655:WARNING:pe_image_reader.cc(340)] could not read dos header from C:\WINDOWS\System32\cfgmgr32.dll
[0602/113651.655:ERROR:process_memory_win.cc(73)] ReadMemory at 0x7ffd2e300000 of 64 bytes failed: Only part of a ReadProcessMemory or WriteProcessMemory request was completed. (0x12B)
[0602/113651.655:WARNING:pe_image_reader.cc(340)] could not read dos header from C:\WINDOWS\System32\ucrtbase.dll
[0602/113651.655:ERROR:process_memory_win.cc(73)] ReadMemory at 0x7ffd31620000 of 64 bytes failed: Only part of a ReadProcessMemory or WriteProcessMemory request was completed. (0x12B)
[0602/113651.655:WARNING:pe_image_reader.cc(340)] could not read dos header from C:\WINDOWS\System32\shcore.dll
[0602/113651.655:ERROR:process_memory_win.cc(73)] ReadMemory at 0x7ffd2f380000 of 64 bytes failed: Only part of a ReadProcessMemory or WriteProcessMemory request was completed. (0x12B)
[0602/113651.655:WARNING:pe_image_reader.cc(340)] could not read dos header from C:\WINDOWS\System32\RPCRT4.dll
[0602/113651.655:ERROR:process_memory_win.cc(73)] ReadMemory at 0x7ffd318b0000 of 64 bytes failed: Only part of a ReadProcessMemory or WriteProcessMemory request was completed. (0x12B)
[0602/113651.655:WARNING:pe_image_reader.cc(340)] could not read dos header from C:\WINDOWS\System32\combase.dll
[0602/113651.655:ERROR:process_memory_win.cc(73)] ReadMemory at 0x7ffd2edb0000 of 64 bytes failed: Only part of a ReadProcessMemory or WriteProcessMemory request was completed. (0x12B)
[0602/113651.655:WARNING:pe_image_reader.cc(340)] could not read dos header from C:\WINDOWS\System32\bcryptPrimitives.dll
[0602/113651.655:ERROR:process_memory_win.cc(73)] ReadMemory at 0x7ffd2e5a0000 of 64 bytes failed: Only part of a ReadProcessMemory or WriteProcessMemory request was completed. (0x12B)
[0602/113651.655:WARNING:pe_image_reader.cc(340)] could not read dos header from C:\WINDOWS\System32\windows.storage.dll
[0602/113651.655:ERROR:process_memory_win.cc(73)] ReadMemory at 0x7ffd314a0000 of 64 bytes failed: Only part of a ReadProcessMemory or WriteProcessMemory request was completed. (0x12B)
[0602/113651.655:WARNING:pe_image_reader.cc(340)] could not read dos header from C:\WINDOWS\System32\advapi32.dll
[0602/113651.655:ERROR:process_memory_win.cc(73)] ReadMemory at 0x7ffd2f320000 of 64 bytes failed: Only part of a ReadProcessMemory or WriteProcessMemory request was completed. (0x12B)
[0602/113651.655:WARNING:pe_image_reader.cc(340)] could not read dos header from C:\WINDOWS\System32\sechost.dll
[0602/113651.655:ERROR:process_memory_win.cc(73)] ReadMemory at 0x7ffd30f00000 of 64 bytes failed: Only part of a ReadProcessMemory or WriteProcessMemory request was completed. (0x12B)
[0602/113651.655:WARNING:pe_image_reader.cc(340)] could not read dos header from C:\WINDOWS\System32\shlwapi.dll
[0602/113651.655:ERROR:process_memory_win.cc(73)] ReadMemory at 0x7ffd2f270000 of 64 bytes failed: Only part of a ReadProcessMemory or WriteProcessMemory request was completed. (0x12B)
[0602/113651.655:WARNING:pe_image_reader.cc(340)] could not read dos header from C:\WINDOWS\System32\GDI32.dll
[0602/113651.655:ERROR:process_memory_win.cc(73)] ReadMemory at 0x7ffd2e400000 of 64 bytes failed: Only part of a ReadProcessMemory or WriteProcessMemory request was completed. (0x12B)
[0602/113651.655:WARNING:pe_image_reader.cc(340)] could not read dos header from C:\WINDOWS\System32\gdi32full.dll
[0602/113651.655:ERROR:process_memory_win.cc(73)] ReadMemory at 0x7ffd2ed10000 of 64 bytes failed: Only part of a ReadProcessMemory or WriteProcessMemory request was completed. (0x12B)
[0602/113651.655:WARNING:pe_image_reader.cc(340)] could not read dos header from C:\WINDOWS\System32\msvcp_win.dll
[0602/113651.655:ERROR:process_memory_win.cc(73)] ReadMemory at 0x18b243c0000 of 64 bytes failed: Only part of a ReadProcessMemory or WriteProcessMemory request was completed. (0x12B)
[0602/113651.655:WARNING:pe_image_reader.cc(340)] could not read dos header from C:\WINDOWS\System32\USER32.dll
[0602/113651.655:ERROR:process_memory_win.cc(73)] ReadMemory at 0x7ffd2f100000 of 64 bytes failed: Only part of a ReadProcessMemory or WriteProcessMemory request was completed. (0x12B)
[0602/113651.655:WARNING:pe_image_reader.cc(340)] could not read dos header from C:\WINDOWS\System32\win32u.dll
[0602/113651.655:ERROR:process_memory_win.cc(73)] ReadMemory at 0x7ffd2e020000 of 64 bytes failed: Only part of a ReadProcessMemory or WriteProcessMemory request was completed. (0x12B)
[0602/113651.655:WARNING:pe_image_reader.cc(340)] could not read dos header from C:\WINDOWS\System32\kernel.appcore.dll
[0602/113651.655:ERROR:process_memory_win.cc(73)] ReadMemory at 0x7ffd2dfa0000 of 64 bytes failed: Only part of a ReadProcessMemory or WriteProcessMemory request was completed. (0x12B)
[0602/113651.655:WARNING:pe_image_reader.cc(340)] could not read dos header from C:\WINDOWS\System32\profapi.dll
[0602/113651.655:ERROR:process_memory_win.cc(73)] ReadMemory at 0x7ffd2dfd0000 of 64 bytes failed: Only part of a ReadProcessMemory or WriteProcessMemory request was completed. (0x12B)
[0602/113651.655:WARNING:pe_image_reader.cc(340)] could not read dos header from C:\WINDOWS\System32\powrprof.dll
[0602/113651.655:ERROR:process_memory_win.cc(73)] ReadMemory at 0x7ffd2dfc0000 of 64 bytes failed: Only part of a ReadProcessMemory or WriteProcessMemory request was completed. (0x12B)
[0602/113651.655:WARNING:pe_image_reader.cc(340)] could not read dos header from C:\WINDOWS\System32\FLTLIB.DLL
[0602/113651.655:ERROR:process_memory_win.cc(73)] ReadMemory at 0x7ffcfc740000 of 64 bytes failed: Only part of a ReadProcessMemory or WriteProcessMemory request was completed. (0x12B)
[0602/113651.655:WARNING:pe_image_reader.cc(340)] could not read dos header from C:\Program Files (x86)\Google\Chrome\Application\74.0.3729.169\chrome_elf.dll
[0602/113651.655:ERROR:process_memory_win.cc(73)] ReadMemory at 0x7ffd28d50000 of 64 bytes failed: Only part of a ReadProcessMemory or WriteProcessMemory request was completed. (0x12B)
[0602/113651.655:WARNING:pe_image_reader.cc(340)] could not read dos header from C:\WINDOWS\SYSTEM32\VERSION.dll
[0602/113651.655:ERROR:process_memory_win.cc(73)] ReadMemory at 0x7ffd2c030000 of 64 bytes failed: Only part of a ReadProcessMemory or WriteProcessMemory request was completed. (0x12B)
[0602/113651.655:WARNING:pe_image_reader.cc(340)] could not read dos header from C:\WINDOWS\SYSTEM32\WINMM.dll
[0602/113651.655:ERROR:process_memory_win.cc(73)] ReadMemory at 0x7ffd2dea0000 of 64 bytes failed: Only part of a ReadProcessMemory or WriteProcessMemory request was completed. (0x12B)
[0602/113651.655:WARNING:pe_image_reader.cc(340)] could not read dos header from C:\WINDOWS\SYSTEM32\USERENV.dll
[0602/113651.655:ERROR:process_memory_win.cc(73)] ReadMemory at 0x7ffd2c000000 of 64 bytes failed: Only part of a ReadProcessMemory or WriteProcessMemory request was completed. (0x12B)
[0602/113651.655:WARNING:pe_image_reader.cc(340)] could not read dos header from C:\WINDOWS\SYSTEM32\WINMMBASE.dll
[0602/113651.655:ERROR:process_memory_win.cc(73)] ReadMemory at 0x7ffd2d990000 of 64 bytes failed: Only part of a ReadProcessMemory or WriteProcessMemory request was completed. (0x12B)
[0602/113651.655:WARNING:pe_image_reader.cc(340)] could not read dos header from C:\WINDOWS\SYSTEM32\CRYPTBASE.DLL
[0602/113651.655:ERROR:process_memory_win.cc(73)] ReadMemory at 0x7ffd2f910000 of 64 bytes failed: Only part of a ReadProcessMemory or WriteProcessMemory request was completed. (0x12B)
[0602/113651.655:WARNING:pe_image_reader.cc(340)] could not read dos header from C:\WINDOWS\System32\IMM32.DLL
[0602/113651.655:ERROR:process_memory_win.cc(73)] ReadMemory at 0x7ffcc84c0000 of 64 bytes failed: Only part of a ReadProcessMemory or WriteProcessMemory request was completed. (0x12B)
[0602/113651.655:WARNING:pe_image_reader.cc(340)] could not read dos header from C:\Program Files (x86)\Google\Chrome\Application\74.0.3729.169\chrome_child.dll
[0602/113651.655:ERROR:process_memory_win.cc(73)] ReadMemory at 0x7ffd316d0000 of 64 bytes failed: Only part of a ReadProcessMemory or WriteProcessMemory request was completed. (0x12B)
[0602/113651.655:WARNING:pe_image_reader.cc(340)] could not read dos header from C:\WINDOWS\System32\WS2_32.dll
[0602/113651.655:ERROR:process_memory_win.cc(73)] ReadMemory at 0x7ffd31740000 of 64 bytes failed: Only part of a ReadProcessMemory or WriteProcessMemory request was completed. (0x12B)
[0602/113651.655:WARNING:pe_image_reader.cc(340)] could not read dos header from C:\WINDOWS\System32\ole32.dll
[0602/113651.655:ERROR:process_memory_win.cc(73)] ReadMemory at 0x7ffd31550000 of 64 bytes failed: Only part of a ReadProcessMemory or WriteProcessMemory request was completed. (0x12B)
[0602/113651.655:WARNING:pe_image_reader.cc(340)] could not read dos header from C:\WINDOWS\System32\OLEAUT32.dll
[0602/113651.655:ERROR:process_memory_win.cc(73)] ReadMemory at 0x7ffd2ecb0000 of 64 bytes failed: Only part of a ReadProcessMemory or WriteProcessMemory request was completed. (0x12B)
[0602/113651.655:WARNING:pe_image_reader.cc(340)] could not read dos header from C:\WINDOWS\System32\WINTRUST.dll
[0602/113651.655:ERROR:process_memory_win.cc(73)] ReadMemory at 0x7ffd2e040000 of 64 bytes failed: Only part of a ReadProcessMemory or WriteProcessMemory request was completed. (0x12B)
[0602/113651.655:WARNING:pe_image_reader.cc(340)] could not read dos header from C:\WINDOWS\System32\MSASN1.dll
[0602/113651.655:ERROR:process_memory_win.cc(73)] ReadMemory at 0x7ffd2e060000 of 64 bytes failed: Only part of a ReadProcessMemory or WriteProcessMemory request was completed. (0x12B)
[0602/113651.655:WARNING:pe_image_reader.cc(340)] could not read dos header from C:\WINDOWS\System32\CRYPT32.dll
[0602/113651.655:ERROR:process_memory_win.cc(73)] ReadMemory at 0x7ffd2f180000 of 64 bytes failed: Only part of a ReadProcessMemory or WriteProcessMemory request was completed. (0x12B)
[0602/113651.655:WARNING:pe_image_reader.cc(340)] could not read dos header from C:\WINDOWS\System32\COMDLG32.dll
[0602/113651.655:ERROR:process_memory_win.cc(73)] ReadMemory at 0x7ffd2d540000 of 64 bytes failed: Only part of a ReadProcessMemory or WriteProcessMemory request was completed. (0x12B)
[0602/113651.655:WARNING:pe_image_reader.cc(340)] could not read dos header from C:\WINDOWS\SYSTEM32\IPHLPAPI.DLL
[0602/113651.655:ERROR:process_memory_win.cc(73)] ReadMemory at 0x7ffd19e20000 of 64 bytes failed: Only part of a ReadProcessMemory or WriteProcessMemory request was completed. (0x12B)
[0602/113651.655:WARNING:pe_image_reader.cc(340)] could not read dos header from C:\WINDOWS\SYSTEM32\OLEACC.dll
[0602/113651.655:ERROR:process_memory_win.cc(73)] ReadMemory at 0x7ffd0f370000 of 64 bytes failed: Only part of a ReadProcessMemory or WriteProcessMemory request was completed. (0x12B)
[0602/113651.655:WARNING:pe_image_reader.cc(340)] could not read dos header from C:\WINDOWS\SYSTEM32\UIAutomationCore.DLL
[0602/113651.655:ERROR:process_memory_win.cc(73)] ReadMemory at 0x7ffd2bb10000 of 64 bytes failed: Only part of a ReadProcessMemory or WriteProcessMemory request was completed. (0x12B)
[0602/113651.655:WARNING:pe_image_reader.cc(340)] could not read dos header from C:\WINDOWS\SYSTEM32\WTSAPI32.dll
[0602/113651.655:ERROR:process_memory_win.cc(73)] ReadMemory at 0x7ffd1d710000 of 64 bytes failed: Only part of a ReadProcessMemory or WriteProcessMemory request was completed. (0x12B)
[0602/113651.655:WARNING:pe_image_reader.cc(340)] could not read dos header from C:\WINDOWS\SYSTEM32\DWrite.dll
[0602/113651.655:ERROR:process_memory_win.cc(73)] ReadMemory at 0x7ffd2cd60000 of 64 bytes failed: Only part of a ReadProcessMemory or WriteProcessMemory request was completed. (0x12B)
[0602/113651.655:WARNING:pe_image_reader.cc(340)] could not read dos header from C:\WINDOWS\SYSTEM32\dxgi.dll
[0602/113651.655:ERROR:process_memory_win.cc(73)] ReadMemory at 0x7ffd0cd80000 of 64 bytes failed: Only part of a ReadProcessMemory or WriteProcessMemory request was completed. (0x12B)
[0602/113651.655:WARNING:pe_image_reader.cc(340)] could not read dos header from C:\WINDOWS\SYSTEM32\WINSPOOL.DRV
[0602/113651.655:ERROR:process_memory_win.cc(73)] ReadMemory at 0x7ffd1a010000 of 64 bytes failed: Only part of a ReadProcessMemory or WriteProcessMemory request was completed. (0x12B)
[0602/113651.655:WARNING:pe_image_reader.cc(340)] could not read dos header from C:\WINDOWS\SYSTEM32\dbghelp.dll
[0602/113651.655:ERROR:process_memory_win.cc(73)] ReadMemory at 0x7ffd1bfa0000 of 64 bytes failed: Only part of a ReadProcessMemory or WriteProcessMemory request was completed. (0x12B)
[0602/113651.655:WARNING:pe_image_reader.cc(340)] could not read dos header from C:\WINDOWS\WinSxS\amd64_microsoft.windows.common-controls_6595b64144ccf1df_6.0.17134.407_none_fb449d63306391e9\COMCTL32.dll
[0602/113651.655:ERROR:process_memory_win.cc(73)] ReadMemory at 0x7ffd08110000 of 64 bytes failed: Only part of a ReadProcessMemory or WriteProcessMemory request was completed. (0x12B)
[0602/113651.655:WARNING:pe_image_reader.cc(340)] could not read dos header from C:\WINDOWS\SYSTEM32\USP10.dll
[0602/113651.655:ERROR:process_memory_win.cc(73)] ReadMemory at 0x7ffd290e0000 of 64 bytes failed: Only part of a ReadProcessMemory or WriteProcessMemory request was completed. (0x12B)
[0602/113651.655:WARNING:pe_image_reader.cc(340)] could not read dos header from C:\WINDOWS\SYSTEM32\WINHTTP.dll
[0602/113651.655:ERROR:process_memory_win.cc(73)] ReadMemory at 0x7ffd21840000 of 64 bytes failed: Only part of a ReadProcessMemory or WriteProcessMemory request was completed. (0x12B)
[0602/113651.655:WARNING:pe_image_reader.cc(340)] could not read dos header from C:\WINDOWS\SYSTEM32\urlmon.dll
[0602/113651.655:ERROR:process_memory_win.cc(73)] ReadMemory at 0x7ffd28a90000 of 64 bytes failed: Only part of a ReadProcessMemory or WriteProcessMemory request was completed. (0x12B)
[0602/113651.655:WARNING:pe_image_reader.cc(340)] could not read dos header from C:\WINDOWS\SYSTEM32\Secur32.dll
[0602/113651.655:ERROR:process_memory_win.cc(73)] ReadMemory at 0x7ffd29350000 of 64 bytes failed: Only part of a ReadProcessMemory or WriteProcessMemory request was completed. (0x12B)
[0602/113651.655:WARNING:pe_image_reader.cc(340)] could not read dos header from C:\WINDOWS\SYSTEM32\dhcpcsvc.DLL
[0602/113651.655:ERROR:process_memory_win.cc(73)] ReadMemory at 0x7ffd318a0000 of 64 bytes failed: Only part of a ReadProcessMemory or WriteProcessMemory request was completed. (0x12B)
[0602/113651.655:WARNING:pe_image_reader.cc(340)] could not read dos header from C:\WINDOWS\System32\NSI.dll
[0602/113651.655:ERROR:process_memory_win.cc(73)] ReadMemory at 0x7ffd2a700000 of 64 bytes failed: Only part of a ReadProcessMemory or WriteProcessMemory request was completed. (0x12B)
[0602/113651.655:WARNING:pe_image_reader.cc(340)] could not read dos header from C:\WINDOWS\SYSTEM32\PROPSYS.dll
[0602/113651.655:ERROR:process_memory_win.cc(73)] ReadMemory at 0x7ffd2db00000 of 64 bytes failed: Only part of a ReadProcessMemory or WriteProcessMemory request was completed. (0x12B)
[0602/113651.655:WARNING:pe_image_reader.cc(340)] could not read dos header from C:\WINDOWS\SYSTEM32\bcrypt.dll
[0602/113651.655:ERROR:process_memory_win.cc(73)] ReadMemory at 0x7ffd22dd0000 of 64 bytes failed: Only part of a ReadProcessMemory or WriteProcessMemory request was completed. (0x12B)
[0602/113651.655:WARNING:pe_image_reader.cc(340)] could not read dos header from C:\WINDOWS\SYSTEM32\iertutil.dll
[0602/113651.655:ERROR:process_memory_win.cc(73)] ReadMemory at 0x7ffd2ded0000 of 64 bytes failed: Only part of a ReadProcessMemory or WriteProcessMemory request was completed. (0x12B)
[0602/113651.655:WARNING:pe_image_reader.cc(340)] could not read dos header from C:\WINDOWS\SYSTEM32\SSPICLI.DLL
[0602/113651.655:ERROR:process_memory_win.cc(73)] ReadMemory at 0x7ffd2f4b0000 of 64 bytes failed: Only part of a ReadProcessMemory or WriteProcessMemory request was completed. (0x12B)
[0602/113651.655:WARNING:pe_image_reader.cc(340)] could not read dos header from C:\WINDOWS\System32\SETUPAPI.dll
[0602/113651.655:ERROR:process_memory_win.cc(73)] ReadMemory at 0x7ffd2ddb0000 of 64 bytes failed: Only part of a ReadProcessMemory or WriteProcessMemory request was completed. (0x12B)
[0602/113651.655:WARNING:pe_image_reader.cc(340)] could not read dos header from C:\WINDOWS\SYSTEM32\DEVOBJ.dll
[0602/113651.655:ERROR:process_memory_win.cc(73)] ReadMemory at 0x7ffd0f0d0000 of 64 bytes failed: Only part of a ReadProcessMemory or WriteProcessMemory request was completed. (0x12B)
[0602/113651.655:WARNING:pe_image_reader.cc(340)] could not read dos header from C:\WINDOWS\SYSTEM32\mf.dll
[0602/113651.655:ERROR:process_memory_win.cc(73)] ReadMemory at 0x7ffd22410000 of 64 bytes failed: Only part of a ReadProcessMemory or WriteProcessMemory request was completed. (0x12B)
[0602/113651.655:WARNING:pe_image_reader.cc(340)] could not read dos header from C:\WINDOWS\SYSTEM32\mfplat.dll
[0602/113651.655:ERROR:process_memory_win.cc(73)] ReadMemory at 0x7ffd297b0000 of 64 bytes failed: Only part of a ReadProcessMemory or WriteProcessMemory request was completed. (0x12B)
[0602/113651.655:WARNING:pe_image_reader.cc(340)] could not read dos header from C:\WINDOWS\SYSTEM32\RTWorkQ.DLL
[0602/113651.655:ERROR:process_memory_win.cc(73)] ReadMemory at 0x7ffce9a60000 of 64 bytes failed: Only part of a ReadProcessMemory or WriteProcessMemory request was completed. (0x12B)
[0602/113651.655:WARNING:pe_image_reader.cc(340)] could not read dos header from C:\WINDOWS\SYSTEM32\msmpeg2vdec.dll
[0602/113651.655:ERROR:process_memory_win.cc(73)] ReadMemory at 0x7ffcea0a0000 of 64 bytes failed: Only part of a ReadProcessMemory or WriteProcessMemory request was completed. (0x12B)
[0602/113651.655:WARNING:pe_image_reader.cc(340)] could not read dos header from C:\WINDOWS\SYSTEM32\mfperfhelper.dll
[0602/113651.655:ERROR:process_memory_win.cc(73)] ReadMemory at 0x7ffd2d970000 of 64 bytes failed: Only part of a ReadProcessMemory or WriteProcessMemory request was completed. (0x12B)
[0602/113651.655:WARNING:pe_image_reader.cc(340)] could not read dos header from C:\WINDOWS\SYSTEM32\cryptsp.dll
[0602/113651.655:ERROR:process_memory_win.cc(73)] ReadMemory at 0x7ffd0be00000 of 64 bytes failed: Only part of a ReadProcessMemory or WriteProcessMemory request was completed. (0x12B)
[0602/113651.655:WARNING:pe_image_reader.cc(340)] could not read dos header from C:\WINDOWS\SYSTEM32\dxva2.dll
[0602/113651.655:ERROR:process_memory_win.cc(73)] ReadMemory at 0x7ffcec0a0000 of 64 bytes failed: Only part of a ReadProcessMemory or WriteProcessMemory request was completed. (0x12B)
[0602/113651.655:WARNING:pe_image_reader.cc(340)] could not read dos header from C:\WINDOWS\SYSTEM32\msvproc.dll
[0602/113651.655:ERROR:process_memory_win.cc(73)] ReadMemory at 0x7ffd1a700000 of 64 bytes failed: Only part of a ReadProcessMemory or WriteProcessMemory request was completed. (0x12B)
[0602/113651.655:WARNING:pe_image_reader.cc(340)] could not read dos header from C:\WINDOWS\SYSTEM32\CompPkgSup.DLL
[0602/113651.655:ERROR:process_memory_win.cc(73)] ReadMemory at 0x7ffd2a8c0000 of 64 bytes failed: Only part of a ReadProcessMemory or WriteProcessMemory request was completed. (0x12B)
[0602/113651.655:WARNING:pe_image_reader.cc(340)] could not read dos header from C:\WINDOWS\SYSTEM32\D3DCompiler_47.dll
[0602/113651.655:ERROR:process_memory_win.cc(73)] ReadMemory at 0x7ffce6b70000 of 64 bytes failed: Only part of a ReadProcessMemory or WriteProcessMemory request was completed. (0x12B)
[0602/113651.655:WARNING:pe_image_reader.cc(340)] could not read dos header from C:\Program Files (x86)\Google\Chrome\Application\74.0.3729.169\libglesv2.dll
[0602/113651.655:ERROR:process_memory_win.cc(73)] ReadMemory at 0x7ffcfa0d0000 of 64 bytes failed: Only part of a ReadProcessMemory or WriteProcessMemory request was completed. (0x12B)
[0602/113651.655:WARNING:pe_image_reader.cc(340)] could not read dos header from C:\WINDOWS\SYSTEM32\d3d9.dll
[0602/113651.655:ERROR:process_memory_win.cc(73)] ReadMemory at 0x7ffd2c730000 of 64 bytes failed: Only part of a ReadProcessMemory or WriteProcessMemory request was completed. (0x12B)
[0602/113651.655:WARNING:pe_image_reader.cc(340)] could not read dos header from C:\WINDOWS\SYSTEM32\dwmapi.dll
[0602/113651.655:ERROR:process_memory_win.cc(73)] ReadMemory at 0x7ffd0bdd0000 of 64 bytes failed: Only part of a ReadProcessMemory or WriteProcessMemory request was completed. (0x12B)
[0602/113651.655:WARNING:pe_image_reader.cc(340)] could not read dos header from C:\Program Files (x86)\Google\Chrome\Application\74.0.3729.169\libegl.dll
[0602/113651.655:ERROR:process_memory_win.cc(73)] ReadMemory at 0x7ffd2acf0000 of 64 bytes failed: Only part of a ReadProcessMemory or WriteProcessMemory request was completed. (0x12B)
[0602/113651.655:WARNING:pe_image_reader.cc(340)] could not read dos header from C:\WINDOWS\SYSTEM32\d3d11.dll
[0602/113651.655:ERROR:process_memory_win.cc(73)] ReadMemory at 0x7ffd2b600000 of 64 bytes failed: Only part of a ReadProcessMemory or WriteProcessMemory request was completed. (0x12B)
[0602/113651.655:WARNING:pe_image_reader.cc(340)] could not read dos header from C:\WINDOWS\SYSTEM32\dcomp.dll
[0602/113651.655:ERROR:process_memory_win.cc(73)] ReadMemory at 0x7ffd26b10000 of 64 bytes failed: Only part of a ReadProcessMemory or WriteProcessMemory request was completed. (0x12B)
[0602/113651.655:WARNING:pe_image_reader.cc(340)] could not read dos header from C:\WINDOWS\System32\DriverStore\FileRepository\igdlh64.inf_amd64_6d34ac0763025a06\igd10iumd64.dll
[0602/113651.655:ERROR:process_memory_win.cc(73)] ReadMemory at 0x7ffd2dad0000 of 64 bytes failed: Only part of a ReadProcessMemory or WriteProcessMemory request was completed. (0x12B)
[0602/113651.655:WARNING:pe_image_reader.cc(340)] could not read dos header from C:\WINDOWS\SYSTEM32\ncrypt.dll
[0602/113651.655:ERROR:process_memory_win.cc(73)] ReadMemory at 0x7ffd2da90000 of 64 bytes failed: Only part of a ReadProcessMemory or WriteProcessMemory request was completed. (0x12B)
[0602/113651.655:WARNING:pe_image_reader.cc(340)] could not read dos header from C:\WINDOWS\SYSTEM32\NTASN1.dll
[0602/113651.655:ERROR:process_memory_win.cc(73)] ReadMemory at 0x7ffd24bc0000 of 64 bytes failed: Only part of a ReadProcessMemory or WriteProcessMemory request was completed. (0x12B)
[0602/113651.655:WARNING:pe_image_reader.cc(340)] could not read dos header from C:\WINDOWS\System32\DriverStore\FileRepository\igdlh64.inf_amd64_6d34ac0763025a06\igc64.dll
[0602/113651.655:ERROR:process_memory_win.cc(73)] ReadMemory at 0x7ffd311b0000 of 64 bytes failed: Only part of a ReadProcessMemory or WriteProcessMemory request was completed. (0x12B)
[0602/113651.655:WARNING:pe_image_reader.cc(340)] could not read dos header from C:\WINDOWS\System32\clbcatq.dll
[0602/113651.655:ERROR:process_memory_win.cc(73)] ReadMemory at 0x7ffd2a460000 of 64 bytes failed: Only part of a ReadProcessMemory or WriteProcessMemory request was completed. (0x12B)
[0602/113651.655:WARNING:pe_image_reader.cc(340)] could not read dos header from C:\Windows\System32\WinTypes.dll
[0602/113651.655:ERROR:process_memory_win.cc(73)] ReadMemory at 0x7ffd1ba60000 of 64 bytes failed: Only part of a ReadProcessMemory or WriteProcessMemory request was completed. (0x12B)
[0602/113651.655:WARNING:pe_image_reader.cc(340)] could not read dos header from C:\WINDOWS\SYSTEM32\rometadata.dll
[0602/113651.655:ERROR:process_memory_win.cc(73)] ReadMemory at 0x7ffcc4f80000 of 64 bytes failed: Only part of a ReadProcessMemory or WriteProcessMemory request was completed. (0x12B)
[0602/113651.655:WARNING:pe_image_reader.cc(340)] could not read dos header from C:\WINDOWS\System32\DriverStore\FileRepository\igdlh64.inf_amd64_6d34ac0763025a06\igd11dxva64.dll
[0602/113651.655:ERROR:process_memory_win.cc(73)] ReadMemory at 0x7ffd0a3e0000 of 64 bytes failed: Only part of a ReadProcessMemory or WriteProcessMemory request was completed. (0x12B)
[0602/113651.655:WARNING:pe_image_reader.cc(340)] could not read dos header from C:\WINDOWS\System32\DriverStore\FileRepository\igdlh64.inf_amd64_6d34ac0763025a06\igdinfo64.dll
[0602/113651.655:ERROR:process_memory_win.cc(73)] ReadMemory at 0x7ffd04d10000 of 64 bytes failed: Only part of a ReadProcessMemory or WriteProcessMemory request was completed. (0x12B)
[0602/113651.655:WARNING:pe_image_reader.cc(340)] could not read dos header from C:\Windows\System32\mfh264enc.dll
[0602/113651.655:ERROR:process_memory_win.cc(73)] ReadMemory at 0x7ffd2c4e0000 of 64 bytes failed: Only part of a ReadProcessMemory or WriteProcessMemory request was completed. (0x12B)
[0602/113651.655:WARNING:pe_image_reader.cc(340)] could not read dos header from C:\WINDOWS\system32\uxtheme.dll
[0602/113651.655:ERROR:process_memory_win.cc(73)] ReadMemory at 0x7ffd30d80000 of 64 bytes failed: Only part of a ReadProcessMemory or WriteProcessMemory request was completed. (0x12B)
[0602/113651.655:WARNING:pe_image_reader.cc(340)] could not read dos header from C:\WINDOWS\System32\MSCTF.dll
[0602/113651.825:ERROR:process_memory_win.cc(73)] ReadMemory at 0x3a587ee000 of 73728 bytes failed: Only part of a ReadProcessMemory or WriteProcessMemory request was completed. (0x12B)
[0602/113651.994:ERROR:process_memory_win.cc(73)] ReadMemory at 0x3a589fd000 of 12288 bytes failed: Only part of a ReadProcessMemory or WriteProcessMemory request was completed. (0x12B)
[0602/113651.994:ERROR:process_memory_win.cc(73)] ReadMemory at 0x3a58bfd000 of 12288 bytes failed: Only part of a ReadProcessMemory or WriteProcessMemory request was completed. (0x12B)
[0602/113651.994:ERROR:process_memory_win.cc(73)] ReadMemory at 0x3a58dfd000 of 12288 bytes failed: Only part of a ReadProcessMemory or WriteProcessMemory request was completed. (0x12B)
[0602/113651.994:ERROR:process_memory_win.cc(73)] ReadMemory at 0x3a58ffd000 of 12288 bytes failed: Only part of a ReadProcessMemory or WriteProcessMemory request was completed. (0x12B)
[0602/113651.994:ERROR:process_memory_win.cc(73)] ReadMemory at 0x3a591fc000 of 16384 bytes failed: Only part of a ReadProcessMemory or WriteProcessMemory request was completed. (0x12B)
[0602/113651.994:ERROR:process_memory_win.cc(73)] ReadMemory at 0x3a593ff000 of 4096 bytes failed: Only part of a ReadProcessMemory or WriteProcessMemory request was completed. (0x12B)
[0602/113651.994:ERROR:process_memory_win.cc(73)] ReadMemory at 0x3a595fb000 of 20480 bytes failed: Only part of a ReadProcessMemory or WriteProcessMemory request was completed. (0x12B)
[0602/113651.994:ERROR:process_memory_win.cc(73)] ReadMemory at 0x3a599ee000 of 73728 bytes failed: Only part of a ReadProcessMemory or WriteProcessMemory request was completed. (0x12B)
[0602/113651.994:ERROR:process_memory_win.cc(73)] ReadMemory at 0x3a597fd000 of 12288 bytes failed: Only part of a ReadProcessMemory or WriteProcessMemory request was completed. (0x12B)
[0602/113651.994:ERROR:process_memory_win.cc(73)] ReadMemory at 0x3a5a7fd000 of 12288 bytes failed: Only part of a ReadProcessMemory or WriteProcessMemory request was completed. (0x12B)
[0602/113651.994:ERROR:process_memory_win.cc(73)] ReadMemory at 0x3a59bf0000 of 65536 bytes failed: Only part of a ReadProcessMemory or WriteProcessMemory request was completed. (0x12B)
[0602/113651.994:ERROR:process_memory_win.cc(73)] ReadMemory at 0x3a5a3fd000 of 12288 bytes failed: Only part of a ReadProcessMemory or WriteProcessMemory request was completed. (0x12B)
[0602/113651.994:ERROR:process_memory_win.cc(73)] ReadMemory at 0x3a59dff000 of 4096 bytes failed: Only part of a ReadProcessMemory or WriteProcessMemory request was completed. (0x12B)
[0602/113651.994:ERROR:process_memory_win.cc(73)] ReadMemory at 0x3a59fff000 of 4096 bytes failed: Only part of a ReadProcessMemory or WriteProcessMemory request was completed. (0x12B)
[0602/113651.994:ERROR:process_memory_win.cc(73)] ReadMemory at 0x3a5a1fd000 of 12288 bytes failed: Only part of a ReadProcessMemory or WriteProcessMemory request was completed. (0x12B)
[0602/113651.994:ERROR:process_memory_win.cc(73)] ReadMemory at 0x3a5845a000 of 852 bytes failed: Only part of a ReadProcessMemory or WriteProcessMemory request was completed. (0x12B)
[0602/113651.994:ERROR:process_memory_win.cc(73)] ReadMemory at 0x3a5845b000 of 6024 bytes failed: Only part of a ReadProcessMemory or WriteProcessMemory request was completed. (0x12B)
[0602/113651.994:ERROR:process_memory_win.cc(73)] ReadMemory at 0x3a5845d000 of 6024 bytes failed: Only part of a ReadProcessMemory or WriteProcessMemory request was completed. (0x12B)
[0602/113651.994:ERROR:process_memory_win.cc(73)] ReadMemory at 0x3a5845f000 of 6024 bytes failed: Only part of a ReadProcessMemory or WriteProcessMemory request was completed. (0x12B)
[0602/113651.994:ERROR:process_memory_win.cc(73)] ReadMemory at 0x3a58461000 of 6024 bytes failed: Only part of a ReadProcessMemory or WriteProcessMemory request was completed. (0x12B)
[0602/113651.994:ERROR:process_memory_win.cc(73)] ReadMemory at 0x3a58463000 of 6024 bytes failed: Only part of a ReadProcessMemory or WriteProcessMemory request was completed. (0x12B)
[0602/113651.994:ERROR:process_memory_win.cc(73)] ReadMemory at 0x3a58465000 of 6024 bytes failed: Only part of a ReadProcessMemory or WriteProcessMemory request was completed. (0x12B)
[0602/113651.994:ERROR:process_memory_win.cc(73)] ReadMemory at 0x3a58467000 of 6024 bytes failed: Only part of a ReadProcessMemory or WriteProcessMemory request was completed. (0x12B)
[0602/113651.994:ERROR:process_memory_win.cc(73)] ReadMemory at 0x3a58469000 of 6024 bytes failed: Only part of a ReadProcessMemory or WriteProcessMemory request was completed. (0x12B)
[0602/113651.994:ERROR:process_memory_win.cc(73)] ReadMemory at 0x3a5846d000 of 6024 bytes failed: Only part of a ReadProcessMemory or WriteProcessMemory request was completed. (0x12B)
[0602/113651.994:ERROR:process_memory_win.cc(73)] ReadMemory at 0x3a58487000 of 6024 bytes failed: Only part of a ReadProcessMemory or WriteProcessMemory request was completed. (0x12B)
[0602/113651.994:ERROR:process_memory_win.cc(73)] ReadMemory at 0x3a58491000 of 6024 bytes failed: Only part of a ReadProcessMemory or WriteProcessMemory request was completed. (0x12B)
[0602/113651.994:ERROR:process_memory_win.cc(73)] ReadMemory at 0x3a584d3000 of 6024 bytes failed: Only part of a ReadProcessMemory or WriteProcessMemory request was completed. (0x12B)
[0602/113651.994:ERROR:process_memory_win.cc(73)] ReadMemory at 0x3a584f5000 of 6024 bytes failed: Only part of a ReadProcessMemory or WriteProcessMemory request was completed. (0x12B)
[0602/113651.994:ERROR:process_memory_win.cc(73)] ReadMemory at 0x3a58503000 of 6024 bytes failed: Only part of a ReadProcessMemory or WriteProcessMemory request was completed. (0x12B)
[0602/113651.994:ERROR:process_memory_win.cc(73)] ReadMemory at 0x3a58579000 of 6024 bytes failed: Only part of a ReadProcessMemory or WriteProcessMemory request was completed. (0x12B)
[0602/113651.994:ERROR:process_memory_win.cc(73)] ReadMemory at 0x3a5857b000 of 6024 bytes failed: Only part of a ReadProcessMemory or WriteProcessMemory request was completed. (0x12B)
[0602/113651.994:ERROR:process_memory_win.cc(73)] ReadMemory at 0x18b24150000 of 384 bytes failed: Only part of a ReadProcessMemory or WriteProcessMemory request was completed. (0x12B)
[0602/113651.994:ERROR:process_memory_win.cc(73)] ReadMemory at 0x18b24150384 of 512 bytes failed: Only part of a ReadProcessMemory or WriteProcessMemory request was completed. (0x12B)
[0602/113651.994:ERROR:process_memory_win.cc(73)] ReadMemory at 0x18b24150c40 of 512 bytes failed: Only part of a ReadProcessMemory or WriteProcessMemory request was completed. (0x12B)
[0602/113651.994:ERROR:process_memory_win.cc(73)] ReadMemory at 0x18b24153dc0 of 512 bytes failed: Only part of a ReadProcessMemory or WriteProcessMemory request was completed. (0x12B)
[0602/113651.994:ERROR:process_memory_win.cc(73)] ReadMemory at 0x18b24190ab0 of 512 bytes failed: Only part of a ReadProcessMemory or WriteProcessMemory request was completed. (0x12B)
[0602/113651.994:ERROR:process_memory_win.cc(73)] ReadMemory at 0x18b24190fc0 of 3506 bytes failed: Only part of a ReadProcessMemory or WriteProcessMemory request was completed. (0x12B)
[0602/113651.994:ERROR:process_memory_win.cc(73)] ReadMemory at 0x18b24191d80 of 1012 bytes failed: Only part of a ReadProcessMemory or WriteProcessMemory request was completed. (0x12B)
[0602/113651.994:ERROR:process_memory_win.cc(73)] ReadMemory at 0x18b24192398 of 118 bytes failed: Only part of a ReadProcessMemory or WriteProcessMemory request was completed. (0x12B)
[0602/113651.994:ERROR:process_memory_win.cc(73)] ReadMemory at 0x18b24192410 of 990 bytes failed: Only part of a ReadProcessMemory or WriteProcessMemory request was completed. (0x12B)
[0602/113651.994:ERROR:process_memory_win.cc(73)] ReadMemory at 0x18b241927f0 of 118 bytes failed: Only part of a ReadProcessMemory or WriteProcessMemory request was completed. (0x12B)
[0602/113651.994:ERROR:process_memory_win.cc(73)] ReadMemory at 0x18b24192868 of 30 bytes failed: Only part of a ReadProcessMemory or WriteProcessMemory request was completed. (0x12B)
[0602/113651.994:ERROR:process_memory_win.cc(73)] ReadMemory at 0x18b241928a0 of 58 bytes failed: Only part of a ReadProcessMemory or WriteProcessMemory request was completed. (0x12B)
[0602/113651.994:ERROR:process_memory_win.cc(73)] ReadMemory at 0x18b241929a0 of 132 bytes failed: Only part of a ReadProcessMemory or WriteProcessMemory request was completed. (0x12B)
[0602/113651.994:ERROR:process_memory_win.cc(73)] ReadMemory at 0x18b24192b30 of 132 bytes failed: Only part of a ReadProcessMemory or WriteProcessMemory request was completed. (0x12B)
[0602/113651.994:ERROR:process_memory_win.cc(73)] ReadMemory at 0x18b241930d0 of 132 bytes failed: Only part of a ReadProcessMemory or WriteProcessMemory request was completed. (0x12B)
[0602/113651.994:ERROR:process_memory_win.cc(73)] ReadMemory at 0x18b24193260 of 64 bytes failed: Only part of a ReadProcessMemory or WriteProcessMemory request was completed. (0x12B)
[0602/113651.994:ERROR:process_memory_win.cc(73)] ReadMemory at 0x18b241933c0 of 132 bytes failed: Only part of a ReadProcessMemory or WriteProcessMemory request was completed. (0x12B)
[0602/113651.994:ERROR:process_memory_win.cc(73)] ReadMemory at 0x18b241935c0 of 62 bytes failed: Only part of a ReadProcessMemory or WriteProcessMemory request was completed. (0x12B)
[0602/113651.994:ERROR:process_memory_win.cc(73)] ReadMemory at 0x18b241936b0 of 132 bytes failed: Only part of a ReadProcessMemory or WriteProcessMemory request was completed. (0x12B)
[0602/113651.994:ERROR:process_memory_win.cc(73)] ReadMemory at 0x18b24193840 of 68 bytes failed: Only part of a ReadProcessMemory or WriteProcessMemory request was completed. (0x12B)
[0602/113651.994:ERROR:process_memory_win.cc(73)] ReadMemory at 0x18b24199c90 of 132 bytes failed: Only part of a ReadProcessMemory or WriteProcessMemory request was completed. (0x12B)
[0602/113651.994:ERROR:process_memory_win.cc(73)] ReadMemory at 0x18b24199ed0 of 132 bytes failed: Only part of a ReadProcessMemory or WriteProcessMemory request was completed. (0x12B)
[0602/113651.994:ERROR:process_memory_win.cc(73)] ReadMemory at 0x18b2419a060 of 62 bytes failed: Only part of a ReadProcessMemory or WriteProcessMemory request was completed. (0x12B)
[0602/113651.994:ERROR:process_memory_win.cc(73)] ReadMemory at 0x18b2419b7e0 of 132 bytes failed: Only part of a ReadProcessMemory or WriteProcessMemory request was completed. (0x12B)
[0602/113651.994:ERROR:process_memory_win.cc(73)] ReadMemory at 0x18b2419b970 of 60 bytes failed: Only part of a ReadProcessMemory or WriteProcessMemory request was completed. (0x12B)
[0602/113651.994:ERROR:process_memory_win.cc(73)] ReadMemory at 0x18b2419b9c0 of 158 bytes failed: Only part of a ReadProcessMemory or WriteProcessMemory request was completed. (0x12B)
[0602/113651.994:ERROR:process_memory_win.cc(73)] ReadMemory at 0x18b2419bbc0 of 132 bytes failed: Only part of a ReadProcessMemory or WriteProcessMemory request was completed. (0x12B)
[0602/113651.994:ERROR:process_memory_win.cc(73)] ReadMemory at 0x18b2419bd50 of 64 bytes failed: Only part of a ReadProcessMemory or WriteProcessMemory request was completed. (0x12B)
[0602/113651.994:ERROR:process_memory_win.cc(73)] ReadMemory at 0x18b2419bfd0 of 132 bytes failed: Only part of a ReadProcessMemory or WriteProcessMemory request was completed. (0x12B)
[0602/113651.994:ERROR:process_memory_win.cc(73)] ReadMemory at 0x18b2419c160 of 64 bytes failed: Only part of a ReadProcessMemory or WriteProcessMemory request was completed. (0x12B)
[0602/113651.994:ERROR:process_memory_win.cc(73)] ReadMemory at 0x18b2419c3c0 of 132 bytes failed: Only part of a ReadProcessMemory or WriteProcessMemory request was completed. (0x12B)
[0602/113651.994:ERROR:process_memory_win.cc(73)] ReadMemory at 0x18b2419c550 of 60 bytes failed: Only part of a ReadProcessMemory or WriteProcessMemory request was completed. (0x12B)
[0602/113651.994:ERROR:process_memory_win.cc(73)] ReadMemory at 0x18b2419c870 of 132 bytes failed: Only part of a ReadProcessMemory or WriteProcessMemory request was completed. (0x12B)
[0602/113651.994:ERROR:process_memory_win.cc(73)] ReadMemory at 0x18b2419ca00 of 60 bytes failed: Only part of a ReadProcessMemory or WriteProcessMemory request was completed. (0x12B)
[0602/113651.994:ERROR:process_memory_win.cc(73)] ReadMemory at 0x18b2419cb60 of 146 bytes failed: Only part of a ReadProcessMemory or WriteProcessMemory request was completed. (0x12B)
[0602/113651.994:ERROR:process_memory_win.cc(73)] ReadMemory at 0x18b2419cc40 of 132 bytes failed: Only part of a ReadProcessMemory or WriteProcessMemory request was completed. (0x12B)
[0602/113651.994:ERROR:process_memory_win.cc(73)] ReadMemory at 0x18b2419cdd0 of 62 bytes failed: Only part of a ReadProcessMemory or WriteProcessMemory request was completed. (0x12B)
[0602/113651.994:ERROR:process_memory_win.cc(73)] ReadMemory at 0x18b2419d920 of 132 bytes failed: Only part of a ReadProcessMemory or WriteProcessMemory request was completed. (0x12B)
[0602/113651.994:ERROR:process_memory_win.cc(73)] ReadMemory at 0x18b2419db60 of 78 bytes failed: Only part of a ReadProcessMemory or WriteProcessMemory request was completed. (0x12B)
[0602/113651.994:ERROR:process_memory_win.cc(73)] ReadMemory at 0x18b2419dce0 of 72 bytes failed: Only part of a ReadProcessMemory or WriteProcessMemory request was completed. (0x12B)
[0602/113651.994:ERROR:process_memory_win.cc(73)] ReadMemory at 0x18b2419de00 of 76 bytes failed: Only part of a ReadProcessMemory or WriteProcessMemory request was completed. (0x12B)
[0602/113651.994:ERROR:process_memory_win.cc(73)] ReadMemory at 0x18b2419dfe0 of 80 bytes failed: Only part of a ReadProcessMemory or WriteProcessMemory request was completed. (0x12B)
[0602/113651.994:ERROR:process_memory_win.cc(73)] ReadMemory at 0x18b2419e450 of 132 bytes failed: Only part of a ReadProcessMemory or WriteProcessMemory request was completed. (0x12B)
[0602/113651.994:ERROR:process_memory_win.cc(73)] ReadMemory at 0x18b2419e720 of 246 bytes failed: Only part of a ReadProcessMemory or WriteProcessMemory request was completed. (0x12B)
[0602/113652.010:ERROR:process_memory_win.cc(73)] ReadMemory at 0x18b2419e930 of 132 bytes failed: Only part of a ReadProcessMemory or WriteProcessMemory request was completed. (0x12B)
[0602/113652.010:ERROR:process_memory_win.cc(73)] ReadMemory at 0x18b2419eab0 of 60 bytes failed: Only part of a ReadProcessMemory or WriteProcessMemory request was completed. (0x12B)
[0602/113652.010:ERROR:process_memory_win.cc(73)] ReadMemory at 0x18b2419eb00 of 58 bytes failed: Only part of a ReadProcessMemory or WriteProcessMemory request was completed. (0x12B)
[0602/113652.010:ERROR:process_memory_win.cc(73)] ReadMemory at 0x18b2419eb50 of 64 bytes failed: Only part of a ReadProcessMemory or WriteProcessMemory request was completed. (0x12B)
[0602/113652.010:ERROR:process_memory_win.cc(73)] ReadMemory at 0x18b2419ebf0 of 64 bytes failed: Only part of a ReadProcessMemory or WriteProcessMemory request was completed. (0x12B)
[0602/113652.010:ERROR:process_memory_win.cc(73)] ReadMemory at 0x18b2419ec40 of 62 bytes failed: Only part of a ReadProcessMemory or WriteProcessMemory request was completed. (0x12B)
[0602/113652.010:ERROR:process_memory_win.cc(73)] ReadMemory at 0x18b2419ed30 of 62 bytes failed: Only part of a ReadProcessMemory or WriteProcessMemory request was completed. (0x12B)
[0602/113652.010:ERROR:process_memory_win.cc(73)] ReadMemory at 0x18b2419ed80 of 66 bytes failed: Only part of a ReadProcessMemory or WriteProcessMemory request was completed. (0x12B)
[0602/113652.010:ERROR:process_memory_win.cc(73)] ReadMemory at 0x18b2419ee20 of 66 bytes failed: Only part of a ReadProcessMemory or WriteProcessMemory request was completed. (0x12B)
[0602/113652.010:ERROR:process_memory_win.cc(73)] ReadMemory at 0x18b2419ef60 of 62 bytes failed: Only part of a ReadProcessMemory or WriteProcessMemory request was completed. (0x12B)
[0602/113652.010:ERROR:process_memory_win.cc(73)] ReadMemory at 0x18b2419efb0 of 60 bytes failed: Only part of a ReadProcessMemory or WriteProcessMemory request was completed. (0x12B)
[0602/113652.010:ERROR:process_memory_win.cc(73)] ReadMemory at 0x18b2419f000 of 62 bytes failed: Only part of a ReadProcessMemory or WriteProcessMemory request was completed. (0x12B)
[0602/113652.010:ERROR:process_memory_win.cc(73)] ReadMemory at 0x18b2419f050 of 62 bytes failed: Only part of a ReadProcessMemory or WriteProcessMemory request was completed. (0x12B)
[0602/113652.010:ERROR:process_memory_win.cc(73)] ReadMemory at 0x18b2419f0f0 of 66 bytes failed: Only part of a ReadProcessMemory or WriteProcessMemory request was completed. (0x12B)
[0602/113652.010:ERROR:process_memory_win.cc(73)] ReadMemory at 0x18b2419f190 of 58 bytes failed: Only part of a ReadProcessMemory or WriteProcessMemory request was completed. (0x12B)
[0602/113652.010:ERROR:process_memory_win.cc(73)] ReadMemory at 0x18b2419f1e0 of 60 bytes failed: Only part of a ReadProcessMemory or WriteProcessMemory request was completed. (0x12B)
[0602/113652.010:ERROR:process_memory_win.cc(73)] ReadMemory at 0x18b241a0390 of 132 bytes failed: Only part of a ReadProcessMemory or WriteProcessMemory request was completed. (0x12B)
[0602/113652.010:ERROR:process_memory_win.cc(73)] ReadMemory at 0x18b241a04c0 of 152 bytes failed: Only part of a ReadProcessMemory or WriteProcessMemory request was completed. (0x12B)
[0602/113652.010:ERROR:process_memory_win.cc(73)] ReadMemory at 0x18b241a05e0 of 132 bytes failed: Only part of a ReadProcessMemory or WriteProcessMemory request was completed. (0x12B)
[0602/113652.010:ERROR:process_memory_win.cc(73)] ReadMemory at 0x18b241a0710 of 132 bytes failed: Only part of a ReadProcessMemory or WriteProcessMemory request was completed. (0x12B)
[0602/113652.010:ERROR:process_memory_win.cc(73)] ReadMemory at 0x18b241a0840 of 132 bytes failed: Only part of a ReadProcessMemory or WriteProcessMemory request was completed. (0x12B)
[0602/113652.010:ERROR:process_memory_win.cc(73)] ReadMemory at 0x18b241a0970 of 132 bytes failed: Only part of a ReadProcessMemory or WriteProcessMemory request was completed. (0x12B)
[0602/113652.010:ERROR:process_memory_win.cc(73)] ReadMemory at 0x18b241a0aa0 of 132 bytes failed: Only part of a ReadProcessMemory or WriteProcessMemory request was completed. (0x12B)
[0602/113652.010:ERROR:process_memory_win.cc(73)] ReadMemory at 0x18b241a0bd0 of 132 bytes failed: Only part of a ReadProcessMemory or WriteProcessMemory request was completed. (0x12B)
[0602/113652.010:ERROR:process_memory_win.cc(73)] ReadMemory at 0x18b241a0d00 of 132 bytes failed: Only part of a ReadProcessMemory or WriteProcessMemory request was completed. (0x12B)
[0602/113652.010:ERROR:process_memory_win.cc(73)] ReadMemory at 0x18b241a0e30 of 132 bytes failed: Only part of a ReadProcessMemory or WriteProcessMemory request was completed. (0x12B)
[0602/113652.010:ERROR:process_memory_win.cc(73)] ReadMemory at 0x18b241a0f60 of 132 bytes failed: Only part of a ReadProcessMemory or WriteProcessMemory request was completed. (0x12B)
[0602/113652.010:ERROR:process_memory_win.cc(73)] ReadMemory at 0x18b241a1090 of 132 bytes failed: Only part of a ReadProcessMemory or WriteProcessMemory request was completed. (0x12B)
[0602/113652.010:ERROR:process_memory_win.cc(73)] ReadMemory at 0x18b241a11c0 of 132 bytes failed: Only part of a ReadProcessMemory or WriteProcessMemory request was completed. (0x12B)
[0602/113652.010:ERROR:process_memory_win.cc(73)] ReadMemory at 0x18b241a12f0 of 132 bytes failed: Only part of a ReadProcessMemory or WriteProcessMemory request was completed. (0x12B)
[0602/113652.010:ERROR:process_memory_win.cc(73)] ReadMemory at 0x18b241a1420 of 132 bytes failed: Only part of a ReadProcessMemory or WriteProcessMemory request was completed. (0x12B)
[0602/113652.010:ERROR:process_memory_win.cc(73)] ReadMemory at 0x18b241a2f00 of 154 bytes failed: Only part of a ReadProcessMemory or WriteProcessMemory request was completed. (0x12B)
[0602/113652.010:ERROR:process_memory_win.cc(73)] ReadMemory at 0x18b241a3a70 of 62 bytes failed: Only part of a ReadProcessMemory or WriteProcessMemory request was completed. (0x12B)
[0602/113652.010:ERROR:process_memory_win.cc(73)] ReadMemory at 0x18b241a3f70 of 70 bytes failed: Only part of a ReadProcessMemory or WriteProcessMemory request was completed. (0x12B)
[0602/113652.010:ERROR:process_memory_win.cc(73)] ReadMemory at 0x18b241a4100 of 58 bytes failed: Only part of a ReadProcessMemory or WriteProcessMemory request was completed. (0x12B)
[0602/113652.010:ERROR:process_memory_win.cc(73)] ReadMemory at 0x18b241a41a0 of 68 bytes failed: Only part of a ReadProcessMemory or WriteProcessMemory request was completed. (0x12B)
[0602/113652.010:ERROR:process_memory_win.cc(73)] ReadMemory at 0x18b241a41f0 of 62 bytes failed: Only part of a ReadProcessMemory or WriteProcessMemory request was completed. (0x12B)
[0602/113652.010:ERROR:process_memory_win.cc(73)] ReadMemory at 0x18b241a43d0 of 60 bytes failed: Only part of a ReadProcessMemory or WriteProcessMemory request was completed. (0x12B)
[0602/113652.010:ERROR:process_memory_win.cc(73)] ReadMemory at 0x18b241a4470 of 62 bytes failed: Only part of a ReadProcessMemory or WriteProcessMemory request was completed. (0x12B)
[0602/113652.010:ERROR:process_memory_win.cc(73)] ReadMemory at 0x18b241a4810 of 132 bytes failed: Only part of a ReadProcessMemory or WriteProcessMemory request was completed. (0x12B)
[0602/113652.010:ERROR:process_memory_win.cc(73)] ReadMemory at 0x18b241a4940 of 132 bytes failed: Only part of a ReadProcessMemory or WriteProcessMemory request was completed. (0x12B)
[0602/113652.010:ERROR:process_memory_win.cc(73)] ReadMemory at 0x18b241a4a70 of 132 bytes failed: Only part of a ReadProcessMemory or WriteProcessMemory request was completed. (0x12B)
[0602/113652.010:ERROR:process_memory_win.cc(73)] ReadMemory at 0x18b241a4ba0 of 132 bytes failed: Only part of a ReadProcessMemory or WriteProcessMemory request was completed. (0x12B)
[0602/113652.010:ERROR:process_memory_win.cc(73)] ReadMemory at 0x18b241a4cd0 of 132 bytes failed: Only part of a ReadProcessMemory or WriteProcessMemory request was completed. (0x12B)
[0602/113652.010:ERROR:process_memory_win.cc(73)] ReadMemory at 0x18b241a4e00 of 132 bytes failed: Only part of a ReadProcessMemory or WriteProcessMemory request was completed. (0x12B)
[0602/113652.010:ERROR:process_memory_win.cc(73)] ReadMemory at 0x18b241a4f30 of 132 bytes failed: Only part of a ReadProcessMemory or WriteProcessMemory request was completed. (0x12B)
[0602/113652.010:ERROR:process_memory_win.cc(73)] ReadMemory at 0x18b241a5060 of 132 bytes failed: Only part of a ReadProcessMemory or WriteProcessMemory request was completed. (0x12B)
[0602/113652.010:ERROR:process_memory_win.cc(73)] ReadMemory at 0x18b241a5190 of 132 bytes failed: Only part of a ReadProcessMemory or WriteProcessMemory request was completed. (0x12B)
[0602/113652.010:ERROR:process_memory_win.cc(73)] ReadMemory at 0x18b241a52c0 of 132 bytes failed: Only part of a ReadProcessMemory or WriteProcessMemory request was completed. (0x12B)
[0602/113652.010:ERROR:process_memory_win.cc(73)] ReadMemory at 0x18b241a53f0 of 132 bytes failed: Only part of a ReadProcessMemory or WriteProcessMemory request was completed. (0x12B)
[0602/113652.010:ERROR:process_memory_win.cc(73)] ReadMemory at 0x18b241a5520 of 132 bytes failed: Only part of a ReadProcessMemory or WriteProcessMemory request was completed. (0x12B)
[0602/113652.010:ERROR:process_memory_win.cc(73)] ReadMemory at 0x18b241a5650 of 132 bytes failed: Only part of a ReadProcessMemory or WriteProcessMemory request was completed. (0x12B)
[0602/113652.010:ERROR:process_memory_win.cc(73)] ReadMemory at 0x18b241a5780 of 132 bytes failed: Only part of a ReadProcessMemory or WriteProcessMemory request was completed. (0x12B)
[0602/113652.010:ERROR:process_memory_win.cc(73)] ReadMemory at 0x18b241a58b0 of 132 bytes failed: Only part of a ReadProcessMemory or WriteProcessMemory request was completed. (0x12B)
[0602/113652.010:ERROR:process_memory_win.cc(73)] ReadMemory at 0x18b241a59e0 of 132 bytes failed: Only part of a ReadProcessMemory or WriteProcessMemory request was completed. (0x12B)
[0602/113652.010:ERROR:process_memory_win.cc(73)] ReadMemory at 0x18b241a5b10 of 132 bytes failed: Only part of a ReadProcessMemory or WriteProcessMemory request was completed. (0x12B)
[0602/113652.010:ERROR:process_memory_win.cc(73)] ReadMemory at 0x18b241a5c40 of 132 bytes failed: Only part of a ReadProcessMemory or WriteProcessMemory request was completed. (0x12B)
[0602/113652.010:ERROR:process_memory_win.cc(73)] ReadMemory at 0x18b241a5d70 of 132 bytes failed: Only part of a ReadProcessMemory or WriteProcessMemory request was completed. (0x12B)
[0602/113652.010:ERROR:process_memory_win.cc(73)] ReadMemory at 0x18b241a5ea0 of 132 bytes failed: Only part of a ReadProcessMemory or WriteProcessMemory request was completed. (0x12B)
[0602/113652.010:ERROR:process_memory_win.cc(73)] ReadMemory at 0x18b241a5fd0 of 132 bytes failed: Only part of a ReadProcessMemory or WriteProcessMemory request was completed. (0x12B)
[0602/113652.010:ERROR:process_memory_win.cc(73)] ReadMemory at 0x18b241a6100 of 132 bytes failed: Only part of a ReadProcessMemory or WriteProcessMemory request was completed. (0x12B)
[0602/113652.010:ERROR:process_memory_win.cc(73)] ReadMemory at 0x18b241a6230 of 132 bytes failed: Only part of a ReadProcessMemory or WriteProcessMemory request was completed. (0x12B)
[0602/113652.010:ERROR:process_memory_win.cc(73)] ReadMemory at 0x18b241a6360 of 132 bytes failed: Only part of a ReadProcessMemory or WriteProcessMemory request was completed. (0x12B)
[0602/113652.010:ERROR:process_memory_win.cc(73)] ReadMemory at 0x18b241a6490 of 132 bytes failed: Only part of a ReadProcessMemory or WriteProcessMemory request was completed. (0x12B)
[0602/113652.010:ERROR:process_memory_win.cc(73)] ReadMemory at 0x18b241a65c0 of 132 bytes failed: Only part of a ReadProcessMemory or WriteProcessMemory request was completed. (0x12B)
[0602/113652.010:ERROR:process_memory_win.cc(73)] ReadMemory at 0x18b241a7d10 of 80 bytes failed: Only part of a ReadProcessMemory or WriteProcessMemory request was completed. (0x12B)
[0602/113652.010:ERROR:process_memory_win.cc(73)] ReadMemory at 0x18b241a8100 of 58 bytes failed: Only part of a ReadProcessMemory or WriteProcessMemory request was completed. (0x12B)
[0602/113652.010:ERROR:process_memory_win.cc(73)] ReadMemory at 0x18b241a81a0 of 64 bytes failed: Only part of a ReadProcessMemory or WriteProcessMemory request was completed. (0x12B)
[0602/113652.010:ERROR:process_memory_win.cc(73)] ReadMemory at 0x18b241a8240 of 64 bytes failed: Only part of a ReadProcessMemory or WriteProcessMemory request was completed. (0x12B)
[0602/113652.010:ERROR:process_memory_win.cc(73)] ReadMemory at 0x18b241a8330 of 66 bytes failed: Only part of a ReadProcessMemory or WriteProcessMemory request was completed. (0x12B)
[0602/113652.010:ERROR:process_memory_win.cc(73)] ReadMemory at 0x18b241a8380 of 64 bytes failed: Only part of a ReadProcessMemory or WriteProcessMemory request was completed. (0x12B)
[0602/113652.010:ERROR:process_memory_win.cc(73)] ReadMemory at 0x18b241a87e0 of 60 bytes failed: Only part of a ReadProcessMemory or WriteProcessMemory request was completed. (0x12B)
[0602/113652.010:ERROR:process_memory_win.cc(73)] ReadMemory at 0x18b241a8830 of 60 bytes failed: Only part of a ReadProcessMemory or WriteProcessMemory request was completed. (0x12B)
[0602/113652.010:ERROR:process_memory_win.cc(73)] ReadMemory at 0x18b241a88d0 of 60 bytes failed: Only part of a ReadProcessMemory or WriteProcessMemory request was completed. (0x12B)
[0602/113652.010:ERROR:process_memory_win.cc(73)] ReadMemory at 0x18b241a8970 of 62 bytes failed: Only part of a ReadProcessMemory or WriteProcessMemory request was completed. (0x12B)
[0602/113652.010:ERROR:process_memory_win.cc(73)] ReadMemory at 0x18b241a8d30 of 58 bytes failed: Only part of a ReadProcessMemory or WriteProcessMemory request was completed. (0x12B)
[0602/113652.010:ERROR:process_memory_win.cc(73)] ReadMemory at 0x18b241a8f60 of 64 bytes failed: Only part of a ReadProcessMemory or WriteProcessMemory request was completed. (0x12B)
[0602/113652.010:ERROR:process_memory_win.cc(73)] ReadMemory at 0x18b241b56a0 of 54 bytes failed: Only part of a ReadProcessMemory or WriteProcessMemory request was completed. (0x12B)
[0602/113652.010:ERROR:process_memory_win.cc(73)] ReadMemory at 0x18b241b5960 of 52 bytes failed: Only part of a ReadProcessMemory or WriteProcessMemory request was completed. (0x12B)
[0602/113652.010:ERROR:process_memory_win.cc(73)] ReadMemory at 0x18b241b6720 of 182 bytes failed: Only part of a ReadProcessMemory or WriteProcessMemory request was completed. (0x12B)
[0602/113652.010:ERROR:process_memory_win.cc(73)] ReadMemory at 0x18b241b7090 of 62 bytes failed: Only part of a ReadProcessMemory or WriteProcessMemory request was completed. (0x12B)
[0602/113652.010:ERROR:process_memory_win.cc(73)] ReadMemory at 0x18b241b7130 of 64 bytes failed: Only part of a ReadProcessMemory or WriteProcessMemory request was completed. (0x12B)
[0602/113652.010:ERROR:process_memory_win.cc(73)] ReadMemory at 0x18b241b7220 of 62 bytes failed: Only part of a ReadProcessMemory or WriteProcessMemory request was completed. (0x12B)
[0602/113652.010:ERROR:process_memory_win.cc(73)] ReadMemory at 0x18b241b7310 of 64 bytes failed: Only part of a ReadProcessMemory or WriteProcessMemory request was completed. (0x12B)
[0602/113652.010:ERROR:process_memory_win.cc(73)] ReadMemory at 0x18b241b7360 of 64 bytes failed: Only part of a ReadProcessMemory or WriteProcessMemory request was completed. (0x12B)
[0602/113652.010:ERROR:process_memory_win.cc(73)] ReadMemory at 0x18b241b73b0 of 60 bytes failed: Only part of a ReadProcessMemory or WriteProcessMemory request was completed. (0x12B)
[0602/113652.010:ERROR:process_memory_win.cc(73)] ReadMemory at 0x18b241b7450 of 64 bytes failed: Only part of a ReadProcessMemory or WriteProcessMemory request was completed. (0x12B)
[0602/113652.010:ERROR:process_memory_win.cc(73)] ReadMemory at 0x18b241b7630 of 62 bytes failed: Only part of a ReadProcessMemory or WriteProcessMemory request was completed. (0x12B)
[0602/113652.010:ERROR:process_memory_win.cc(73)] ReadMemory at 0x18b241b7810 of 60 bytes failed: Only part of a ReadProcessMemory or WriteProcessMemory request was completed. (0x12B)
[0602/113652.010:ERROR:process_memory_win.cc(73)] ReadMemory at 0x18b241b7a40 of 56 bytes failed: Only part of a ReadProcessMemory or WriteProcessMemory request was completed. (0x12B)
[0602/113652.010:ERROR:process_memory_win.cc(73)] ReadMemory at 0x18b241b7a90 of 58 bytes failed: Only part of a ReadProcessMemory or WriteProcessMemory request was completed. (0x12B)
[0602/113652.010:ERROR:process_memory_win.cc(73)] ReadMemory at 0x18b241b7ae0 of 62 bytes failed: Only part of a ReadProcessMemory or WriteProcessMemory request was completed. (0x12B)
[0602/113652.010:ERROR:process_memory_win.cc(73)] ReadMemory at 0x18b241b7bd0 of 60 bytes failed: Only part of a ReadProcessMemory or WriteProcessMemory request was completed. (0x12B)
[0602/113652.010:ERROR:process_memory_win.cc(73)] ReadMemory at 0x18b241b7e00 of 64 bytes failed: Only part of a ReadProcessMemory or WriteProcessMemory request was completed. (0x12B)
[0602/113652.010:ERROR:process_memory_win.cc(73)] ReadMemory at 0x18b241b7e50 of 60 bytes failed: Only part of a ReadProcessMemory or WriteProcessMemory request was completed. (0x12B)
[0602/113652.010:ERROR:process_memory_win.cc(73)] ReadMemory at 0x18b241b7ea0 of 62 bytes failed: Only part of a ReadProcessMemory or WriteProcessMemory request was completed. (0x12B)
[0602/113652.010:ERROR:process_memory_win.cc(73)] ReadMemory at 0x18b241b8130 of 132 bytes failed: Only part of a ReadProcessMemory or WriteProcessMemory request was completed. (0x12B)
[0602/113652.010:ERROR:process_memory_win.cc(73)] ReadMemory at 0x18b241b8260 of 132 bytes failed: Only part of a ReadProcessMemory or WriteProcessMemory request was completed. (0x12B)
[0602/113652.010:ERROR:process_memory_win.cc(73)] ReadMemory at 0x18b241b8390 of 132 bytes failed: Only part of a ReadProcessMemory or WriteProcessMemory request was completed. (0x12B)
[0602/113652.010:ERROR:process_memory_win.cc(73)] ReadMemory at 0x18b241b84c0 of 132 bytes failed: Only part of a ReadProcessMemory or WriteProcessMemory request was completed. (0x12B)
[0602/113652.010:ERROR:process_memory_win.cc(73)] ReadMemory at 0x18b241b85f0 of 132 bytes failed: Only part of a ReadProcessMemory or WriteProcessMemory request was completed. (0x12B)
[0602/113652.010:ERROR:process_memory_win.cc(73)] ReadMemory at 0x18b241b8720 of 132 bytes failed: Only part of a ReadProcessMemory or WriteProcessMemory request was completed. (0x12B)
[0602/113652.010:ERROR:process_memory_win.cc(73)] ReadMemory at 0x18b241b8850 of 132 bytes failed: Only part of a ReadProcessMemory or WriteProcessMemory request was completed. (0x12B)
[0602/113652.010:ERROR:process_memory_win.cc(73)] ReadMemory at 0x18b241b8980 of 132 bytes failed: Only part of a ReadProcessMemory or WriteProcessMemory request was completed. (0x12B)
[0602/113652.010:ERROR:process_memory_win.cc(73)] ReadMemory at 0x18b241b8ab0 of 132 bytes failed: Only part of a ReadProcessMemory or WriteProcessMemory request was completed. (0x12B)
[0602/113652.010:ERROR:process_memory_win.cc(73)] ReadMemory at 0x18b241b8be0 of 132 bytes failed: Only part of a ReadProcessMemory or WriteProcessMemory request was completed. (0x12B)
[0602/113652.010:ERROR:process_memory_win.cc(73)] ReadMemory at 0x18b241b8d10 of 132 bytes failed: Only part of a ReadProcessMemory or WriteProcessMemory request was completed. (0x12B)
[0602/113652.010:ERROR:process_memory_win.cc(73)] ReadMemory at 0x18b241b8e40 of 132 bytes failed: Only part of a ReadProcessMemory or WriteProcessMemory request was completed. (0x12B)
[0602/113652.010:ERROR:process_memory_win.cc(73)] ReadMemory at 0x18b241b8f70 of 132 bytes failed: Only part of a ReadProcessMemory or WriteProcessMemory request was completed. (0x12B)
[0602/113652.010:ERROR:process_memory_win.cc(73)] ReadMemory at 0x18b241b90a0 of 132 bytes failed: Only part of a ReadProcessMemory or WriteProcessMemory request was completed. (0x12B)
[0602/113652.010:ERROR:process_memory_win.cc(73)] ReadMemory at 0x18b241b91d0 of 132 bytes failed: Only part of a ReadProcessMemory or WriteProcessMemory request was completed. (0x12B)
[0602/113652.010:ERROR:process_memory_win.cc(73)] ReadMemory at 0x18b241b9300 of 132 bytes failed: Only part of a ReadProcessMemory or WriteProcessMemory request was completed. (0x12B)
[0602/113652.010:ERROR:process_memory_win.cc(73)] ReadMemory at 0x18b241b9430 of 132 bytes failed: Only part of a ReadProcessMemory or WriteProcessMemory request was completed. (0x12B)
[0602/113652.010:ERROR:process_memory_win.cc(73)] ReadMemory at 0x18b241b9560 of 132 bytes failed: Only part of a ReadProcessMemory or WriteProcessMemory request was completed. (0x12B)
[0602/113652.010:ERROR:process_memory_win.cc(73)] ReadMemory at 0x18b241b9690 of 132 bytes failed: Only part of a ReadProcessMemory or WriteProcessMemory request was completed. (0x12B)
[0602/113652.010:ERROR:process_memory_win.cc(73)] ReadMemory at 0x18b241b97c0 of 132 bytes failed: Only part of a ReadProcessMemory or WriteProcessMemory request was completed. (0x12B)
[0602/113652.010:ERROR:process_memory_win.cc(73)] ReadMemory at 0x18b241b98f0 of 132 bytes failed: Only part of a ReadProcessMemory or WriteProcessMemory request was completed. (0x12B)
[0602/113652.010:ERROR:process_memory_win.cc(73)] ReadMemory at 0x18b241b9a20 of 132 bytes failed: Only part of a ReadProcessMemory or WriteProcessMemory request was completed. (0x12B)
[0602/113652.010:ERROR:process_memory_win.cc(73)] ReadMemory at 0x18b241b9b50 of 132 bytes failed: Only part of a ReadProcessMemory or WriteProcessMemory request was completed. (0x12B)
[0602/113652.010:ERROR:process_memory_win.cc(73)] ReadMemory at 0x18b241b9c80 of 132 bytes failed: Only part of a ReadProcessMemory or WriteProcessMemory request was completed. (0x12B)
[0602/113652.010:ERROR:process_memory_win.cc(73)] ReadMemory at 0x18b241b9db0 of 132 bytes failed: Only part of a ReadProcessMemory or WriteProcessMemory request was completed. (0x12B)
[0602/113652.010:ERROR:process_memory_win.cc(73)] ReadMemory at 0x18b241daf20 of 76 bytes failed: Only part of a ReadProcessMemory or WriteProcessMemory request was completed. (0x12B)
[0602/113652.010:ERROR:process_memory_win.cc(73)] ReadMemory at 0x18b241dda30 of 60 bytes failed: Only part of a ReadProcessMemory or WriteProcessMemory request was completed. (0x12B)
[0602/113652.010:ERROR:process_memory_win.cc(73)] ReadMemory at 0x18b241ddc10 of 58 bytes failed: Only part of a ReadProcessMemory or WriteProcessMemory request was completed. (0x12B)
[0602/113652.010:ERROR:process_memory_win.cc(73)] ReadMemory at 0x18b241ddd00 of 60 bytes failed: Only part of a ReadProcessMemory or WriteProcessMemory request was completed. (0x12B)
[0602/113652.010:ERROR:process_memory_win.cc(73)] ReadMemory at 0x18b241ddf30 of 56 bytes failed: Only part of a ReadProcessMemory or WriteProcessMemory request was completed. (0x12B)
[0602/113652.010:ERROR:process_memory_win.cc(73)] ReadMemory at 0x18b241de5c0 of 58 bytes failed: Only part of a ReadProcessMemory or WriteProcessMemory request was completed. (0x12B)
[0602/113652.010:ERROR:process_memory_win.cc(73)] ReadMemory at 0x18b241de660 of 60 bytes failed: Only part of a ReadProcessMemory or WriteProcessMemory request was completed. (0x12B)
[0602/113652.010:ERROR:process_memory_win.cc(73)] ReadMemory at 0x18b241de960 of 126 bytes failed: Only part of a ReadProcessMemory or WriteProcessMemory request was completed. (0x12B)
[0602/113652.010:ERROR:process_memory_win.cc(73)] ReadMemory at 0x18b241f9bb0 of 194 bytes failed: Only part of a ReadProcessMemory or WriteProcessMemory request was completed. (0x12B)
[0602/113652.010:ERROR:process_memory_win.cc(73)] ReadMemory at 0x18b241f9d50 of 190 bytes failed: Only part of a ReadProcessMemory or WriteProcessMemory request was completed. (0x12B)
[0602/113652.010:ERROR:process_memory_win.cc(73)] ReadMemory at 0x18b241fa230 of 194 bytes failed: Only part of a ReadProcessMemory or WriteProcessMemory request was completed. (0x12B)
[0602/113652.010:ERROR:process_memory_win.cc(73)] ReadMemory at 0x18b241fb550 of 62 bytes failed: Only part of a ReadProcessMemory or WriteProcessMemory request was completed. (0x12B)
[0602/113652.010:ERROR:process_memory_win.cc(73)] ReadMemory at 0x18b24221620 of 132 bytes failed: Only part of a ReadProcessMemory or WriteProcessMemory request was completed. (0x12B)
[0602/113652.010:ERROR:process_memory_win.cc(73)] ReadMemory at 0x18b24221880 of 132 bytes failed: Only part of a ReadProcessMemory or WriteProcessMemory request was completed. (0x12B)
[0602/113652.010:ERROR:process_memory_win.cc(73)] ReadMemory at 0x18b24221d40 of 132 bytes failed: Only part of a ReadProcessMemory or WriteProcessMemory request was completed. (0x12B)
[0602/113652.010:ERROR:process_memory_win.cc(73)] ReadMemory at 0x18b24221fa0 of 132 bytes failed: Only part of a ReadProcessMemory or WriteProcessMemory request was completed. (0x12B)
[0602/113652.010:ERROR:process_memory_win.cc(73)] ReadMemory at 0x18b242226c0 of 132 bytes failed: Only part of a ReadProcessMemory or WriteProcessMemory request was completed. (0x12B)
[0602/113652.010:ERROR:process_memory_win.cc(73)] ReadMemory at 0x18b242227f0 of 132 bytes failed: Only part of a ReadProcessMemory or WriteProcessMemory request was completed. (0x12B)
[0602/113652.010:ERROR:process_memory_win.cc(73)] ReadMemory at 0x18b24222920 of 132 bytes failed: Only part of a ReadProcessMemory or WriteProcessMemory request was completed. (0x12B)
[0602/113652.010:ERROR:process_memory_win.cc(73)] ReadMemory at 0x18b24222f10 of 132 bytes failed: Only part of a ReadProcessMemory or WriteProcessMemory request was completed. (0x12B)
[0602/113652.010:ERROR:process_memory_win.cc(73)] ReadMemory at 0x18b2424f5d0 of 68 bytes failed: Only part of a ReadProcessMemory or WriteProcessMemory request was completed. (0x12B)
[0602/113652.010:ERROR:process_memory_win.cc(73)] ReadMemory at 0x18b2424f6c0 of 64 bytes failed: Only part of a ReadProcessMemory or WriteProcessMemory request was completed. (0x12B)
[0602/113652.010:ERROR:process_memory_win.cc(73)] ReadMemory at 0x18b2424fa80 of 62 bytes failed: Only part of a ReadProcessMemory or WriteProcessMemory request was completed. (0x12B)
[0602/113652.010:ERROR:process_memory_win.cc(73)] ReadMemory at 0x18b243e0200 of 512 bytes failed: Only part of a ReadProcessMemory or WriteProcessMemory request was completed. (0x12B)
[0602/113652.010:ERROR:process_memory_win.cc(73)] ReadMemory at 0x18b245f4000 of 512 bytes failed: Only part of a ReadProcessMemory or WriteProcessMemory request was completed. (0x12B)
[0602/113652.010:ERROR:process_memory_win.cc(73)] ReadMemory at 0x18b25e1aba0 of 512 bytes failed: Only part of a ReadProcessMemory or WriteProcessMemory request was completed. (0x12B)
[0602/113652.010:ERROR:process_memory_win.cc(73)] ReadMemory at 0x18b25e31a00 of 512 bytes failed: Only part of a ReadProcessMemory or WriteProcessMemory request was completed. (0x12B)
[0602/113652.010:ERROR:process_memory_win.cc(73)] ReadMemory at 0x18b25e77000 of 512 bytes failed: Only part of a ReadProcessMemory or WriteProcessMemory request was completed. (0x12B)
[0602/113652.010:ERROR:process_memory_win.cc(73)] ReadMemory at 0x18b25ff0000 of 384 bytes failed: Only part of a ReadProcessMemory or WriteProcessMemory request was completed. (0x12B)
[0602/113652.010:ERROR:process_memory_win.cc(73)] ReadMemory at 0x18b2cd28c20 of 66 bytes failed: Only part of a ReadProcessMemory or WriteProcessMemory request was completed. (0x12B)
[0602/113652.010:ERROR:process_memory_win.cc(73)] ReadMemory at 0x18b2cd8f530 of 512 bytes failed: Only part of a ReadProcessMemory or WriteProcessMemory request was completed. (0x12B)
[0602/113652.010:ERROR:process_memory_win.cc(73)] ReadMemory at 0x18b2cdbd520 of 512 bytes failed: Only part of a ReadProcessMemory or WriteProcessMemory request was completed. (0x12B)
[0602/113652.010:ERROR:process_memory_win.cc(73)] ReadMemory at 0x18b2cddab70 of 512 bytes failed: Only part of a ReadProcessMemory or WriteProcessMemory request was completed. (0x12B)
[0602/113652.010:ERROR:process_memory_win.cc(73)] ReadMemory at 0x18b2f041d18 of 512 bytes failed: Only part of a ReadProcessMemory or WriteProcessMemory request was completed. (0x12B)
[0602/113652.129:ERROR:process_memory_win.cc(73)] ReadMemory at 0x18b30ae10d0 of 512 bytes failed: Only part of a ReadProcessMemory or WriteProcessMemory request was completed. (0x12B)
[0602/113652.129:ERROR:process_memory_win.cc(73)] ReadMemory at 0x18b30b88230 of 512 bytes failed: Only part of a ReadProcessMemory or WriteProcessMemory request was completed. (0x12B)
[0602/113652.129:ERROR:process_memory_win.cc(73)] ReadMemory at 0x18b31bc5bc0 of 520 bytes failed: Only part of a ReadProcessMemory or WriteProcessMemory request was completed. (0x12B)
[0602/113652.129:ERROR:process_memory_win.cc(73)] ReadMemory at 0x18b31c0ec20 of 592 bytes failed: Only part of a ReadProcessMemory or WriteProcessMemory request was completed. (0x12B)
[0602/113652.129:ERROR:process_memory_win.cc(73)] ReadMemory at 0x18b31c0eef8 of 680 bytes failed: Only part of a ReadProcessMemory or WriteProcessMemory request was completed. (0x12B)
[0602/113652.129:ERROR:process_memory_win.cc(73)] ReadMemory at 0x18b320787d0 of 512 bytes failed: Only part of a ReadProcessMemory or WriteProcessMemory request was completed. (0x12B)
[0602/113652.129:ERROR:process_memory_win.cc(73)] ReadMemory at 0x18b3207b810 of 576 bytes failed: Only part of a ReadProcessMemory or WriteProcessMemory request was completed. (0x12B)
[0602/113652.129:ERROR:process_memory_win.cc(73)] ReadMemory at 0x18b38480340 of 512 bytes failed: Only part of a ReadProcessMemory or WriteProcessMemory request was completed. (0x12B)
[0602/113652.129:ERROR:process_memory_win.cc(73)] ReadMemory at 0x18b38568fa0 of 512 bytes failed: Only part of a ReadProcessMemory or WriteProcessMemory request was completed. (0x12B)
[0602/113652.129:ERROR:process_memory_win.cc(73)] ReadMemory at 0x18b38a75890 of 512 bytes failed: Only part of a ReadProcessMemory or WriteProcessMemory request was completed. (0x12B)
[0602/113652.129:ERROR:process_memory_win.cc(73)] ReadMemory at 0x18b38d108c0 of 512 bytes failed: Only part of a ReadProcessMemory or WriteProcessMemory request was completed. (0x12B)
[0602/113652.129:ERROR:process_memory_win.cc(73)] ReadMemory at 0x18b38eb0810 of 512 bytes failed: Only part of a ReadProcessMemory or WriteProcessMemory request was completed. (0x12B)
[0602/113652.129:ERROR:process_memory_win.cc(73)] ReadMemory at 0x18b38eb0c90 of 512 bytes failed: Only part of a ReadProcessMemory or WriteProcessMemory request was completed. (0x12B)
[0602/113652.129:ERROR:process_memory_win.cc(73)] ReadMemory at 0x18b392f8590 of 512 bytes failed: Only part of a ReadProcessMemory or WriteProcessMemory request was completed. (0x12B)
[0602/113652.129:ERROR:process_memory_win.cc(73)] ReadMemory at 0x18b393b3d90 of 512 bytes failed: Only part of a ReadProcessMemory or WriteProcessMemory request was completed. (0x12B)
[0602/113652.129:ERROR:process_memory_win.cc(73)] ReadMemory at 0x18b47b57fe0 of 512 bytes failed: Only part of a ReadProcessMemory or WriteProcessMemory request was completed. (0x12B)
[0602/113652.129:ERROR:process_memory_win.cc(73)] ReadMemory at 0x7ffcca8f306f of 512 bytes failed: Only part of a ReadProcessMemory or WriteProcessMemory request was completed. (0x12B)
[0602/113652.129:ERROR:process_memory_win.cc(73)] ReadMemory at 0x7ffccd0136d4 of 512 bytes failed: Only part of a ReadProcessMemory or WriteProcessMemory request was completed. (0x12B)
[0602/113652.129:ERROR:process_memory_win.cc(73)] ReadMemory at 0x7ffccd0e9d20 of 512 bytes failed: Only part of a ReadProcessMemory or WriteProcessMemory request was completed. (0x12B)
[0602/113652.129:ERROR:process_memory_win.cc(73)] ReadMemory at 0x7ffccd1d0dd8 of 512 bytes failed: Only part of a ReadProcessMemory or WriteProcessMemory request was completed. (0x12B)
[0602/113652.129:ERROR:process_memory_win.cc(73)] ReadMemory at 0x7ffccd94d4d0 of 520 bytes failed: Only part of a ReadProcessMemory or WriteProcessMemory request was completed. (0x12B)
[0602/113652.129:ERROR:process_memory_win.cc(73)] ReadMemory at 0x7ffd254dd434 of 512 bytes failed: Only part of a ReadProcessMemory or WriteProcessMemory request was completed. (0x12B)
[0602/113652.129:ERROR:process_memory_win.cc(73)] ReadMemory at 0x7ffd2f109664 of 512 bytes failed: Only part of a ReadProcessMemory or WriteProcessMemory request was completed. (0x12B)
[0602/113652.129:ERROR:process_memory_win.cc(73)] ReadMemory at 0x7ffd31270840 of 512 bytes failed: Only part of a ReadProcessMemory or WriteProcessMemory request was completed. (0x12B)
[0602/113652.129:ERROR:process_memory_win.cc(73)] ReadMemory at 0x7ffd31cd307c of 512 bytes failed: Only part of a ReadProcessMemory or WriteProcessMemory request was completed. (0x12B)
[0602/113652.129:ERROR:process_memory_win.cc(73)] ReadMemory at 0x7ffd31ce09e0 of 512 bytes failed: Only part of a ReadProcessMemory or WriteProcessMemory request was completed. (0x12B)
[0602/113652.129:ERROR:process_memory_win.cc(73)] ReadMemory at 0x7ffd31ce12d0 of 512 bytes failed: Only part of a ReadProcessMemory or WriteProcessMemory request was completed. (0x12B)
[0602/113652.129:ERROR:process_memory_win.cc(73)] ReadMemory at 0x7ffd31ce30c0 of 512 bytes failed: Only part of a ReadProcessMemory or WriteProcessMemory request was completed. (0x12B)
[0602/113652.129:ERROR:process_memory_win.cc(73)] ReadMemory at 0x7ffd31d59f04 of 672 bytes failed: Only part of a ReadProcessMemory or WriteProcessMemory request was completed. (0x12B)
[0602/113652.129:ERROR:process_memory_win.cc(73)] ReadMemory at 0x7ffd31d5a504 of 512 bytes failed: Only part of a ReadProcessMemory or WriteProcessMemory request was completed. (0x12B)
[0602/113652.129:ERROR:process_memory_win.cc(73)] ReadMemory at 0x7ffd31d5d7d4 of 512 bytes failed: Only part of a ReadProcessMemory or WriteProcessMemory request was completed. (0x12B)
[0602/113652.129:ERROR:process_memory_win.cc(73)] ReadMemory at 0x7ffd31de3810 of 18 bytes failed: Only part of a ReadProcessMemory or WriteProcessMemory request was completed. (0x12B)
[0602/113652.129:ERROR:process_memory_win.cc(73)] ReadMemory at 0x7ffd31e164e0 of 40 bytes failed: Only part of a ReadProcessMemory or WriteProcessMemory request was completed. (0x12B)
[0602/113652.129:ERROR:process_memory_win.cc(73)] ReadMemory at 0x7ffd31e16938 of 48 bytes failed: Only part of a ReadProcessMemory or WriteProcessMemory request was completed. (0x12B)
[0602/113652.129:ERROR:process_memory_win.cc(73)] ReadMemory at 0x7ffd31e1c360 of 64 bytes failed: Only part of a ReadProcessMemory or WriteProcessMemory request was completed. (0x12B)
[0602/113652.404:ERROR:scoped_process_suspend.cc(40)] NtResumeProcess: An attempt was made to access an exiting process. (0xc000010a)
